<?xml version="1.0" encoding="UTF-8"?>
<coverage generated="1770976467119" clover="3.2.0">
  <project timestamp="1770976467120" name="All files">
    <metrics statements="44" coveredstatements="31" conditionals="14" coveredconditionals="8" methods="12" coveredmethods="8" elements="70" coveredelements="47" complexity="0" loc="44" ncloc="44" packages="1" files="1" classes="1"/>
    <file name="taskService.ts" path="/home/runner/work/ReefKeeper/ReefKeeper/services/taskService.ts">
      <metrics statements="44" coveredstatements="31" conditionals="14" coveredconditionals="8" methods="12" coveredmethods="8"/>
      <line num="5" count="1" type="stmt"/>
      <line num="6" count="1" type="stmt"/>
      <line num="9" count="4" type="stmt"/>
      <line num="10" count="4" type="cond" truecount="1" falsecount="1"/>
      <line num="11" count="4" type="stmt"/>
      <line num="15" count="4" type="stmt"/>
      <line num="21" count="1" type="stmt"/>
      <line num="22" count="1" type="stmt"/>
      <line num="29" count="1" type="stmt"/>
      <line num="30" count="1" type="stmt"/>
      <line num="31" count="1" type="stmt"/>
      <line num="32" count="1" type="stmt"/>
      <line num="36" count="0" type="stmt"/>
      <line num="37" count="0" type="stmt"/>
      <line num="38" count="0" type="cond" truecount="0" falsecount="2"/>
      <line num="39" count="0" type="stmt"/>
      <line num="44" count="0" type="stmt"/>
      <line num="45" count="0" type="stmt"/>
      <line num="49" count="2" type="stmt"/>
      <line num="50" count="2" type="stmt"/>
      <line num="51" count="2" type="cond" truecount="1" falsecount="1"/>
      <line num="53" count="2" type="stmt"/>
      <line num="56" count="2" type="stmt"/>
      <line num="63" count="2" type="cond" truecount="5" falsecount="0"/>
      <line num="65" count="1" type="stmt"/>
      <line num="72" count="1" type="stmt"/>
      <line num="73" count="1" type="stmt"/>
      <line num="76" count="2" type="stmt"/>
      <line num="77" count="2" type="stmt"/>
      <line num="78" count="2" type="stmt"/>
      <line num="82" count="1" type="stmt"/>
      <line num="83" count="2" type="stmt"/>
      <line num="87" count="0" type="stmt"/>
      <line num="88" count="0" type="stmt"/>
      <line num="92" count="0" type="stmt"/>
      <line num="96" count="1" type="stmt"/>
      <line num="97" count="1" type="cond" truecount="1" falsecount="2"/>
      <line num="99" count="1" type="stmt"/>
      <line num="100" count="1" type="stmt"/>
      <line num="102" count="0" type="stmt"/>
      <line num="103" count="0" type="stmt"/>
      <line num="105" count="0" type="stmt"/>
      <line num="106" count="0" type="stmt"/>
      <line num="108" count="1" type="stmt"/>
    </file>
  </project>
</coverage>
