{"/home/runner/work/ReefKeeper/ReefKeeper/services/creatureService.ts": {"path":"/home/runner/work/ReefKeeper/ReefKeeper/services/creatureService.ts","statementMap":{"0":{"start":{"line":5,"column":20},"end":{"line":5,"column":44}},"1":{"start":{"line":6,"column":24},"end":{"line":6,"column":60}},"2":{"start":{"line":9,"column":16},"end":{"line":9,"column":59}},"3":{"start":{"line":10,"column":4},"end":{"line":10,"column":26}},"4":{"start":{"line":14,"column":4},"end":{"line":14,"column":56}},"5":{"start":{"line":18,"column":17},"end":{"line":18,"column":56}},"6":{"start":{"line":19,"column":4},"end":{"line":19,"column":25}},"7":{"start":{"line":19,"column":15},"end":{"line":19,"column":25}},"8":{"start":{"line":20,"column":4},"end":{"line":20,"column":42}},"9":{"start":{"line":24,"column":4},"end":{"line":24,"column":71}},"10":{"start":{"line":28,"column":16},"end":{"line":28,"column":40}},"11":{"start":{"line":29,"column":34},"end":{"line":34,"column":5}},"12":{"start":{"line":35,"column":22},"end":{"line":35,"column":42}},"13":{"start":{"line":36,"column":4},"end":{"line":36,"column":32}},"14":{"start":{"line":37,"column":4},"end":{"line":37,"column":35}},"15":{"start":{"line":38,"column":4},"end":{"line":38,"column":23}},"16":{"start":{"line":42,"column":22},"end":{"line":42,"column":42}},"17":{"start":{"line":43,"column":18},"end":{"line":43,"column":57}},"18":{"start":{"line":43,"column":45},"end":{"line":43,"column":56}},"19":{"start":{"line":44,"column":4},"end":{"line":44,"column":34}},"20":{"start":{"line":44,"column":22},"end":{"line":44,"column":34}},"21":{"start":{"line":45,"column":4},"end":{"line":49,"column":6}},"22":{"start":{"line":50,"column":4},"end":{"line":50,"column":35}},"23":{"start":{"line":51,"column":4},"end":{"line":51,"column":28}},"24":{"start":{"line":55,"column":4},"end":{"line":55,"column":49}},"25":{"start":{"line":59,"column":22},"end":{"line":59,"column":42}},"26":{"start":{"line":60,"column":4},"end":{"line":60,"column":62}},"27":{"start":{"line":60,"column":48},"end":{"line":60,"column":59}}},"fnMap":{"0":{"name":"isInitialized","decl":{"start":{"line":8,"column":22},"end":{"line":8,"column":35}},"loc":{"start":{"line":8,"column":56},"end":{"line":11,"column":1}},"line":8},"1":{"name":"markInitialized","decl":{"start":{"line":13,"column":22},"end":{"line":13,"column":37}},"loc":{"start":{"line":13,"column":55},"end":{"line":15,"column":1}},"line":13},"2":{"name":"getCreatures","decl":{"start":{"line":17,"column":22},"end":{"line":17,"column":34}},"loc":{"start":{"line":17,"column":58},"end":{"line":21,"column":1}},"line":17},"3":{"name":"saveCreatures","decl":{"start":{"line":23,"column":22},"end":{"line":23,"column":35}},"loc":{"start":{"line":23,"column":74},"end":{"line":25,"column":1}},"line":23},"4":{"name":"addCreature","decl":{"start":{"line":27,"column":22},"end":{"line":27,"column":33}},"loc":{"start":{"line":27,"column":113},"end":{"line":39,"column":1}},"line":27},"5":{"name":"updateCreature","decl":{"start":{"line":41,"column":22},"end":{"line":41,"column":36}},"loc":{"start":{"line":41,"column":103},"end":{"line":52,"column":1}},"line":41},"6":{"name":"(anonymous_6)","decl":{"start":{"line":43,"column":38},"end":{"line":43,"column":39}},"loc":{"start":{"line":43,"column":45},"end":{"line":43,"column":56}},"line":43},"7":{"name":"archiveCreature","decl":{"start":{"line":54,"column":22},"end":{"line":54,"column":37}},"loc":{"start":{"line":54,"column":65},"end":{"line":56,"column":1}},"line":54},"8":{"name":"deleteCreature","decl":{"start":{"line":58,"column":22},"end":{"line":58,"column":36}},"loc":{"start":{"line":58,"column":64},"end":{"line":61,"column":1}},"line":58},"9":{"name":"(anonymous_9)","decl":{"start":{"line":60,"column":41},"end":{"line":60,"column":42}},"loc":{"start":{"line":60,"column":48},"end":{"line":60,"column":59}},"line":60}},"branchMap":{"0":{"loc":{"start":{"line":19,"column":4},"end":{"line":19,"column":25}},"type":"if","locations":[{"start":{"line":19,"column":4},"end":{"line":19,"column":25}},{"start":{},"end":{}}],"line":19},"1":{"loc":{"start":{"line":44,"column":4},"end":{"line":44,"column":34}},"type":"if","locations":[{"start":{"line":44,"column":4},"end":{"line":44,"column":34}},{"start":{},"end":{}}],"line":44}},"s":{"0":1,"1":1,"2":2,"3":2,"4":1,"5":15,"6":15,"7":1,"8":14,"9":13,"10":6,"11":6,"12":6,"13":6,"14":6,"15":6,"16":5,"17":5,"18":4,"19":5,"20":1,"21":4,"22":4,"23":4,"24":1,"25":2,"26":2,"27":3},"f":{"0":2,"1":1,"2":15,"3":13,"4":6,"5":5,"6":4,"7":1,"8":2,"9":3},"b":{"0":[1,14],"1":[1,4]},"_coverageSchema":"1a1c01bbd47fc00a2c39e90264f33305004495a9","hash":"98e0ccec6d590adc93067377565ed27f38b1d1e9"}
,"/home/runner/work/ReefKeeper/ReefKeeper/services/taskService.ts": {"path":"/home/runner/work/ReefKeeper/ReefKeeper/services/taskService.ts","statementMap":{"0":{"start":{"line":5,"column":20},"end":{"line":5,"column":40}},"1":{"start":{"line":6,"column":24},"end":{"line":6,"column":56}},"2":{"start":{"line":9,"column":17},"end":{"line":9,"column":56}},"3":{"start":{"line":10,"column":4},"end":{"line":10,"column":25}},"4":{"start":{"line":10,"column":15},"end":{"line":10,"column":25}},"5":{"start":{"line":11,"column":4},"end":{"line":11,"column":49}},"6":{"start":{"line":15,"column":4},"end":{"line":15,"column":67}},"7":{"start":{"line":21,"column":16},"end":{"line":21,"column":40}},"8":{"start":{"line":22,"column":37},"end":{"line":28,"column":5}},"9":{"start":{"line":29,"column":18},"end":{"line":29,"column":34}},"10":{"start":{"line":30,"column":4},"end":{"line":30,"column":24}},"11":{"start":{"line":31,"column":4},"end":{"line":31,"column":27}},"12":{"start":{"line":32,"column":4},"end":{"line":32,"column":19}},"13":{"start":{"line":36,"column":18},"end":{"line":36,"column":34}},"14":{"start":{"line":37,"column":18},"end":{"line":37,"column":53}},"15":{"start":{"line":37,"column":41},"end":{"line":37,"column":52}},"16":{"start":{"line":38,"column":4},"end":{"line":38,"column":34}},"17":{"start":{"line":38,"column":22},"end":{"line":38,"column":34}},"18":{"start":{"line":39,"column":4},"end":{"line":43,"column":6}},"19":{"start":{"line":44,"column":4},"end":{"line":44,"column":27}},"20":{"start":{"line":45,"column":4},"end":{"line":45,"column":24}},"21":{"start":{"line":49,"column":18},"end":{"line":49,"column":34}},"22":{"start":{"line":50,"column":18},"end":{"line":50,"column":53}},"23":{"start":{"line":50,"column":41},"end":{"line":50,"column":52}},"24":{"start":{"line":51,"column":4},"end":{"line":51,"column":34}},"25":{"start":{"line":51,"column":22},"end":{"line":51,"column":34}},"26":{"start":{"line":53,"column":17},"end":{"line":53,"column":29}},"27":{"start":{"line":56,"column":4},"end":{"line":61,"column":7}},"28":{"start":{"line":63,"column":4},"end":{"line":74,"column":5}},"29":{"start":{"line":65,"column":8},"end":{"line":69,"column":24}},"30":{"start":{"line":72,"column":8},"end":{"line":72,"column":32}},"31":{"start":{"line":73,"column":8},"end":{"line":73,"column":42}},"32":{"start":{"line":76,"column":4},"end":{"line":76,"column":46}},"33":{"start":{"line":77,"column":4},"end":{"line":77,"column":27}},"34":{"start":{"line":78,"column":4},"end":{"line":78,"column":16}},"35":{"start":{"line":82,"column":18},"end":{"line":82,"column":34}},"36":{"start":{"line":83,"column":4},"end":{"line":83,"column":54}},"37":{"start":{"line":83,"column":40},"end":{"line":83,"column":51}},"38":{"start":{"line":87,"column":18},"end":{"line":87,"column":61}},"39":{"start":{"line":88,"column":4},"end":{"line":88,"column":28}},"40":{"start":{"line":92,"column":4},"end":{"line":92,"column":56}},"41":{"start":{"line":96,"column":17},"end":{"line":96,"column":35}},"42":{"start":{"line":97,"column":4},"end":{"line":107,"column":5}},"43":{"start":{"line":99,"column":12},"end":{"line":99,"column":52}},"44":{"start":{"line":100,"column":12},"end":{"line":100,"column":18}},"45":{"start":{"line":102,"column":12},"end":{"line":102,"column":56}},"46":{"start":{"line":103,"column":12},"end":{"line":103,"column":18}},"47":{"start":{"line":105,"column":12},"end":{"line":105,"column":54}},"48":{"start":{"line":106,"column":12},"end":{"line":106,"column":18}},"49":{"start":{"line":108,"column":4},"end":{"line":108,"column":16}}},"fnMap":{"0":{"name":"getTasks","decl":{"start":{"line":8,"column":22},"end":{"line":8,"column":30}},"loc":{"start":{"line":8,"column":61},"end":{"line":12,"column":1}},"line":8},"1":{"name":"saveTasks","decl":{"start":{"line":14,"column":22},"end":{"line":14,"column":31}},"loc":{"start":{"line":14,"column":73},"end":{"line":16,"column":1}},"line":14},"2":{"name":"addTask","decl":{"start":{"line":18,"column":22},"end":{"line":18,"column":29}},"loc":{"start":{"line":20,"column":28},"end":{"line":33,"column":1}},"line":20},"3":{"name":"updateTask","decl":{"start":{"line":35,"column":22},"end":{"line":35,"column":32}},"loc":{"start":{"line":35,"column":113},"end":{"line":46,"column":1}},"line":35},"4":{"name":"(anonymous_4)","decl":{"start":{"line":37,"column":34},"end":{"line":37,"column":35}},"loc":{"start":{"line":37,"column":41},"end":{"line":37,"column":52}},"line":37},"5":{"name":"completeTask","decl":{"start":{"line":48,"column":22},"end":{"line":48,"column":34}},"loc":{"start":{"line":48,"column":96},"end":{"line":79,"column":1}},"line":48},"6":{"name":"(anonymous_6)","decl":{"start":{"line":50,"column":34},"end":{"line":50,"column":35}},"loc":{"start":{"line":50,"column":41},"end":{"line":50,"column":52}},"line":50},"7":{"name":"deleteTask","decl":{"start":{"line":81,"column":22},"end":{"line":81,"column":32}},"loc":{"start":{"line":81,"column":60},"end":{"line":84,"column":1}},"line":81},"8":{"name":"(anonymous_8)","decl":{"start":{"line":83,"column":33},"end":{"line":83,"column":34}},"loc":{"start":{"line":83,"column":40},"end":{"line":83,"column":51}},"line":83},"9":{"name":"isInitialized","decl":{"start":{"line":86,"column":22},"end":{"line":86,"column":35}},"loc":{"start":{"line":86,"column":56},"end":{"line":89,"column":1}},"line":86},"10":{"name":"markInitialized","decl":{"start":{"line":91,"column":22},"end":{"line":91,"column":37}},"loc":{"start":{"line":91,"column":55},"end":{"line":93,"column":1}},"line":91},"11":{"name":"calculateNextDueDate","decl":{"start":{"line":95,"column":9},"end":{"line":95,"column":29}},"loc":{"start":{"line":95,"column":92},"end":{"line":109,"column":1}},"line":95}},"branchMap":{"0":{"loc":{"start":{"line":10,"column":4},"end":{"line":10,"column":25}},"type":"if","locations":[{"start":{"line":10,"column":4},"end":{"line":10,"column":25}},{"start":{},"end":{}}],"line":10},"1":{"loc":{"start":{"line":38,"column":4},"end":{"line":38,"column":34}},"type":"if","locations":[{"start":{"line":38,"column":4},"end":{"line":38,"column":34}},{"start":{},"end":{}}],"line":38},"2":{"loc":{"start":{"line":51,"column":4},"end":{"line":51,"column":34}},"type":"if","locations":[{"start":{"line":51,"column":4},"end":{"line":51,"column":34}},{"start":{},"end":{}}],"line":51},"3":{"loc":{"start":{"line":63,"column":4},"end":{"line":74,"column":5}},"type":"if","locations":[{"start":{"line":63,"column":4},"end":{"line":74,"column":5}},{"start":{"line":70,"column":11},"end":{"line":74,"column":5}}],"line":63},"4":{"loc":{"start":{"line":63,"column":8},"end":{"line":63,"column":85}},"type":"binary-expr","locations":[{"start":{"line":63,"column":8},"end":{"line":63,"column":31}},{"start":{"line":63,"column":35},"end":{"line":63,"column":62}},{"start":{"line":63,"column":66},"end":{"line":63,"column":85}}],"line":63},"5":{"loc":{"start":{"line":97,"column":4},"end":{"line":107,"column":5}},"type":"switch","locations":[{"start":{"line":98,"column":8},"end":{"line":100,"column":18}},{"start":{"line":101,"column":8},"end":{"line":103,"column":18}},{"start":{"line":104,"column":8},"end":{"line":106,"column":18}}],"line":97}},"s":{"0":1,"1":1,"2":18,"3":18,"4":1,"5":17,"6":15,"7":5,"8":5,"9":5,"10":5,"11":5,"12":5,"13":2,"14":2,"15":1,"16":2,"17":1,"18":1,"19":1,"20":1,"21":7,"22":7,"23":6,"24":7,"25":1,"26":6,"27":6,"28":6,"29":5,"30":1,"31":1,"32":6,"33":6,"34":6,"35":2,"36":2,"37":3,"38":2,"39":2,"40":1,"41":5,"42":5,"43":3,"44":3,"45":1,"46":1,"47":1,"48":1,"49":5},"f":{"0":18,"1":15,"2":5,"3":2,"4":1,"5":7,"6":6,"7":2,"8":3,"9":2,"10":1,"11":5},"b":{"0":[1,17],"1":[1,1],"2":[1,6],"3":[5,1],"4":[6,5,5],"5":[3,1,1]},"_coverageSchema":"1a1c01bbd47fc00a2c39e90264f33305004495a9","hash":"9b6fe11dd7f8e6ecf0e0d21f4554d7f7e5f77654"}
}
