{"/home/runner/work/ReefKeeper/ReefKeeper/hooks/useCreatures.ts": {"path":"/home/runner/work/ReefKeeper/ReefKeeper/hooks/useCreatures.ts","statementMap":{"0":{"start":{"line":7,"column":38},"end":{"line":7,"column":62}},"1":{"start":{"line":8,"column":34},"end":{"line":8,"column":48}},"2":{"start":{"line":10,"column":20},"end":{"line":20,"column":10}},"3":{"start":{"line":11,"column":8},"end":{"line":11,"column":25}},"4":{"start":{"line":12,"column":8},"end":{"line":19,"column":9}},"5":{"start":{"line":13,"column":25},"end":{"line":13,"column":61}},"6":{"start":{"line":14,"column":12},"end":{"line":14,"column":58}},"7":{"start":{"line":14,"column":44},"end":{"line":14,"column":55}},"8":{"start":{"line":16,"column":12},"end":{"line":16,"column":62}},"9":{"start":{"line":18,"column":12},"end":{"line":18,"column":30}},"10":{"start":{"line":22,"column":31},"end":{"line":31,"column":10}},"11":{"start":{"line":23,"column":28},"end":{"line":23,"column":65}},"12":{"start":{"line":24,"column":8},"end":{"line":30,"column":9}},"13":{"start":{"line":25,"column":24},"end":{"line":25,"column":48}},"14":{"start":{"line":26,"column":12},"end":{"line":28,"column":13}},"15":{"start":{"line":27,"column":16},"end":{"line":27,"column":86}},"16":{"start":{"line":29,"column":12},"end":{"line":29,"column":52}},"17":{"start":{"line":33,"column":4},"end":{"line":38,"column":38}},"18":{"start":{"line":34,"column":8},"end":{"line":37,"column":13}},"19":{"start":{"line":35,"column":12},"end":{"line":35,"column":39}},"20":{"start":{"line":36,"column":12},"end":{"line":36,"column":28}},"21":{"start":{"line":40,"column":16},"end":{"line":44,"column":5}},"22":{"start":{"line":41,"column":28},"end":{"line":41,"column":71}},"23":{"start":{"line":42,"column":8},"end":{"line":42,"column":24}},"24":{"start":{"line":43,"column":8},"end":{"line":43,"column":27}},"25":{"start":{"line":46,"column":19},"end":{"line":49,"column":5}},"26":{"start":{"line":47,"column":8},"end":{"line":47,"column":58}},"27":{"start":{"line":48,"column":8},"end":{"line":48,"column":24}},"28":{"start":{"line":51,"column":20},"end":{"line":54,"column":5}},"29":{"start":{"line":52,"column":8},"end":{"line":52,"column":50}},"30":{"start":{"line":53,"column":8},"end":{"line":53,"column":24}},"31":{"start":{"line":56,"column":19},"end":{"line":59,"column":5}},"32":{"start":{"line":57,"column":8},"end":{"line":57,"column":49}},"33":{"start":{"line":58,"column":8},"end":{"line":58,"column":24}},"34":{"start":{"line":61,"column":4},"end":{"line":69,"column":6}}},"fnMap":{"0":{"name":"useCreatures","decl":{"start":{"line":6,"column":16},"end":{"line":6,"column":28}},"loc":{"start":{"line":6,"column":31},"end":{"line":70,"column":1}},"line":6},"1":{"name":"(anonymous_1)","decl":{"start":{"line":10,"column":32},"end":{"line":10,"column":33}},"loc":{"start":{"line":10,"column":44},"end":{"line":20,"column":5}},"line":10},"2":{"name":"(anonymous_2)","decl":{"start":{"line":14,"column":37},"end":{"line":14,"column":38}},"loc":{"start":{"line":14,"column":44},"end":{"line":14,"column":55}},"line":14},"3":{"name":"(anonymous_3)","decl":{"start":{"line":22,"column":43},"end":{"line":22,"column":44}},"loc":{"start":{"line":22,"column":55},"end":{"line":31,"column":5}},"line":22},"4":{"name":"(anonymous_4)","decl":{"start":{"line":33,"column":14},"end":{"line":33,"column":15}},"loc":{"start":{"line":33,"column":20},"end":{"line":38,"column":5}},"line":33},"5":{"name":"(anonymous_5)","decl":{"start":{"line":34,"column":9},"end":{"line":34,"column":10}},"loc":{"start":{"line":34,"column":21},"end":{"line":37,"column":9}},"line":34},"6":{"name":"(anonymous_6)","decl":{"start":{"line":40,"column":16},"end":{"line":40,"column":17}},"loc":{"start":{"line":40,"column":86},"end":{"line":44,"column":5}},"line":40},"7":{"name":"(anonymous_7)","decl":{"start":{"line":46,"column":19},"end":{"line":46,"column":20}},"loc":{"start":{"line":46,"column":69},"end":{"line":49,"column":5}},"line":46},"8":{"name":"(anonymous_8)","decl":{"start":{"line":51,"column":20},"end":{"line":51,"column":21}},"loc":{"start":{"line":51,"column":42},"end":{"line":54,"column":5}},"line":51},"9":{"name":"(anonymous_9)","decl":{"start":{"line":56,"column":19},"end":{"line":56,"column":20}},"loc":{"start":{"line":56,"column":41},"end":{"line":59,"column":5}},"line":56}},"branchMap":{"0":{"loc":{"start":{"line":24,"column":8},"end":{"line":30,"column":9}},"type":"if","locations":[{"start":{"line":24,"column":8},"end":{"line":30,"column":9}},{"start":{},"end":{}}],"line":24}},"s":{"0":0,"1":0,"2":0,"3":0,"4":0,"5":0,"6":0,"7":0,"8":0,"9":0,"10":0,"11":0,"12":0,"13":0,"14":0,"15":0,"16":0,"17":0,"18":0,"19":0,"20":0,"21":0,"22":0,"23":0,"24":0,"25":0,"26":0,"27":0,"28":0,"29":0,"30":0,"31":0,"32":0,"33":0,"34":0},"f":{"0":0,"1":0,"2":0,"3":0,"4":0,"5":0,"6":0,"7":0,"8":0,"9":0},"b":{"0":[0,0]}}
,"/home/runner/work/ReefKeeper/ReefKeeper/hooks/useNotifications.ts": {"path":"/home/runner/work/ReefKeeper/ReefKeeper/hooks/useNotifications.ts","statementMap":{"0":{"start":{"line":7,"column":54},"end":{"line":7,"column":69}},"1":{"start":{"line":9,"column":4},"end":{"line":31,"column":11}},"2":{"start":{"line":11,"column":8},"end":{"line":11,"column":68}},"3":{"start":{"line":13,"column":8},"end":{"line":13,"column":42}},"4":{"start":{"line":13,"column":35},"end":{"line":13,"column":42}},"5":{"start":{"line":16,"column":41},"end":{"line":18,"column":10}},"6":{"start":{"line":17,"column":12},"end":{"line":17,"column":64}},"7":{"start":{"line":20,"column":37},"end":{"line":25,"column":10}},"8":{"start":{"line":21,"column":27},"end":{"line":21,"column":77}},"9":{"start":{"line":22,"column":12},"end":{"line":24,"column":13}},"10":{"start":{"line":23,"column":16},"end":{"line":23,"column":57}},"11":{"start":{"line":27,"column":8},"end":{"line":30,"column":10}},"12":{"start":{"line":28,"column":12},"end":{"line":28,"column":46}},"13":{"start":{"line":29,"column":12},"end":{"line":29,"column":42}},"14":{"start":{"line":33,"column":4},"end":{"line":33,"column":33}}},"fnMap":{"0":{"name":"useNotifications","decl":{"start":{"line":6,"column":16},"end":{"line":6,"column":32}},"loc":{"start":{"line":6,"column":35},"end":{"line":34,"column":1}},"line":6},"1":{"name":"(anonymous_1)","decl":{"start":{"line":9,"column":14},"end":{"line":9,"column":15}},"loc":{"start":{"line":9,"column":20},"end":{"line":31,"column":5}},"line":9},"2":{"name":"(anonymous_2)","decl":{"start":{"line":16,"column":87},"end":{"line":16,"column":88}},"loc":{"start":{"line":16,"column":105},"end":{"line":18,"column":9}},"line":16},"3":{"name":"(anonymous_3)","decl":{"start":{"line":20,"column":91},"end":{"line":20,"column":92}},"loc":{"start":{"line":20,"column":105},"end":{"line":25,"column":9}},"line":20},"4":{"name":"(anonymous_4)","decl":{"start":{"line":27,"column":15},"end":{"line":27,"column":16}},"loc":{"start":{"line":27,"column":21},"end":{"line":30,"column":9}},"line":27}},"branchMap":{"0":{"loc":{"start":{"line":13,"column":8},"end":{"line":13,"column":42}},"type":"if","locations":[{"start":{"line":13,"column":8},"end":{"line":13,"column":42}},{"start":{},"end":{}}],"line":13},"1":{"loc":{"start":{"line":22,"column":12},"end":{"line":24,"column":13}},"type":"if","locations":[{"start":{"line":22,"column":12},"end":{"line":24,"column":13}},{"start":{},"end":{}}],"line":22}},"s":{"0":0,"1":0,"2":0,"3":0,"4":0,"5":0,"6":0,"7":0,"8":0,"9":0,"10":0,"11":0,"12":0,"13":0,"14":0},"f":{"0":0,"1":0,"2":0,"3":0,"4":0},"b":{"0":[0,0],"1":[0,0]}}
,"/home/runner/work/ReefKeeper/ReefKeeper/hooks/useTasks.ts": {"path":"/home/runner/work/ReefKeeper/ReefKeeper/hooks/useTasks.ts","statementMap":{"0":{"start":{"line":8,"column":30},"end":{"line":8,"column":61}},"1":{"start":{"line":9,"column":34},"end":{"line":9,"column":48}},"2":{"start":{"line":11,"column":20},"end":{"line":21,"column":10}},"3":{"start":{"line":12,"column":8},"end":{"line":12,"column":25}},"4":{"start":{"line":13,"column":8},"end":{"line":20,"column":9}},"5":{"start":{"line":14,"column":25},"end":{"line":14,"column":53}},"6":{"start":{"line":15,"column":12},"end":{"line":15,"column":27}},"7":{"start":{"line":17,"column":12},"end":{"line":17,"column":58}},"8":{"start":{"line":19,"column":12},"end":{"line":19,"column":30}},"9":{"start":{"line":23,"column":31},"end":{"line":52,"column":10}},"10":{"start":{"line":24,"column":28},"end":{"line":24,"column":61}},"11":{"start":{"line":25,"column":8},"end":{"line":51,"column":9}},"12":{"start":{"line":26,"column":24},"end":{"line":26,"column":34}},"13":{"start":{"line":27,"column":12},"end":{"line":49,"column":13}},"14":{"start":{"line":29,"column":32},"end":{"line":29,"column":45}},"15":{"start":{"line":30,"column":33},"end":{"line":30,"column":65}},"16":{"start":{"line":31,"column":16},"end":{"line":41,"column":17}},"17":{"start":{"line":33,"column":24},"end":{"line":33,"column":70}},"18":{"start":{"line":34,"column":24},"end":{"line":34,"column":30}},"19":{"start":{"line":36,"column":24},"end":{"line":36,"column":74}},"20":{"start":{"line":37,"column":24},"end":{"line":37,"column":30}},"21":{"start":{"line":39,"column":24},"end":{"line":39,"column":72}},"22":{"start":{"line":40,"column":24},"end":{"line":40,"column":30}},"23":{"start":{"line":42,"column":32},"end":{"line":45,"column":18}},"24":{"start":{"line":46,"column":16},"end":{"line":48,"column":17}},"25":{"start":{"line":47,"column":20},"end":{"line":47,"column":80}},"26":{"start":{"line":50,"column":12},"end":{"line":50,"column":48}},"27":{"start":{"line":54,"column":4},"end":{"line":59,"column":38}},"28":{"start":{"line":55,"column":8},"end":{"line":58,"column":13}},"29":{"start":{"line":56,"column":12},"end":{"line":56,"column":39}},"30":{"start":{"line":57,"column":12},"end":{"line":57,"column":28}},"31":{"start":{"line":61,"column":16},"end":{"line":69,"column":5}},"32":{"start":{"line":62,"column":24},"end":{"line":62,"column":55}},"33":{"start":{"line":64,"column":8},"end":{"line":66,"column":9}},"34":{"start":{"line":65,"column":12},"end":{"line":65,"column":72}},"35":{"start":{"line":67,"column":8},"end":{"line":67,"column":24}},"36":{"start":{"line":68,"column":8},"end":{"line":68,"column":23}},"37":{"start":{"line":71,"column":19},"end":{"line":81,"column":5}},"38":{"start":{"line":72,"column":24},"end":{"line":72,"column":65}},"39":{"start":{"line":74,"column":8},"end":{"line":79,"column":9}},"40":{"start":{"line":75,"column":12},"end":{"line":75,"column":66}},"41":{"start":{"line":76,"column":12},"end":{"line":78,"column":13}},"42":{"start":{"line":77,"column":16},"end":{"line":77,"column":76}},"43":{"start":{"line":80,"column":8},"end":{"line":80,"column":24}},"44":{"start":{"line":83,"column":21},"end":{"line":90,"column":5}},"45":{"start":{"line":84,"column":26},"end":{"line":84,"column":67}},"46":{"start":{"line":85,"column":8},"end":{"line":88,"column":9}},"47":{"start":{"line":87,"column":12},"end":{"line":87,"column":74}},"48":{"start":{"line":89,"column":8},"end":{"line":89,"column":24}},"49":{"start":{"line":92,"column":19},"end":{"line":97,"column":5}},"50":{"start":{"line":94,"column":8},"end":{"line":94,"column":62}},"51":{"start":{"line":95,"column":8},"end":{"line":95,"column":41}},"52":{"start":{"line":96,"column":8},"end":{"line":96,"column":24}},"53":{"start":{"line":99,"column":4},"end":{"line":107,"column":6}}},"fnMap":{"0":{"name":"useTasks","decl":{"start":{"line":7,"column":16},"end":{"line":7,"column":24}},"loc":{"start":{"line":7,"column":27},"end":{"line":108,"column":1}},"line":7},"1":{"name":"(anonymous_1)","decl":{"start":{"line":11,"column":32},"end":{"line":11,"column":33}},"loc":{"start":{"line":11,"column":44},"end":{"line":21,"column":5}},"line":11},"2":{"name":"(anonymous_2)","decl":{"start":{"line":23,"column":43},"end":{"line":23,"column":44}},"loc":{"start":{"line":23,"column":55},"end":{"line":52,"column":5}},"line":23},"3":{"name":"(anonymous_3)","decl":{"start":{"line":54,"column":14},"end":{"line":54,"column":15}},"loc":{"start":{"line":54,"column":20},"end":{"line":59,"column":5}},"line":54},"4":{"name":"(anonymous_4)","decl":{"start":{"line":55,"column":9},"end":{"line":55,"column":10}},"loc":{"start":{"line":55,"column":21},"end":{"line":58,"column":9}},"line":55},"5":{"name":"(anonymous_5)","decl":{"start":{"line":61,"column":16},"end":{"line":61,"column":17}},"loc":{"start":{"line":61,"column":111},"end":{"line":69,"column":5}},"line":61},"6":{"name":"(anonymous_6)","decl":{"start":{"line":71,"column":19},"end":{"line":71,"column":20}},"loc":{"start":{"line":71,"column":76},"end":{"line":81,"column":5}},"line":71},"7":{"name":"(anonymous_7)","decl":{"start":{"line":83,"column":21},"end":{"line":83,"column":22}},"loc":{"start":{"line":83,"column":59},"end":{"line":90,"column":5}},"line":83},"8":{"name":"(anonymous_8)","decl":{"start":{"line":92,"column":19},"end":{"line":92,"column":20}},"loc":{"start":{"line":92,"column":41},"end":{"line":97,"column":5}},"line":92}},"branchMap":{"0":{"loc":{"start":{"line":25,"column":8},"end":{"line":51,"column":9}},"type":"if","locations":[{"start":{"line":25,"column":8},"end":{"line":51,"column":9}},{"start":{},"end":{}}],"line":25},"1":{"loc":{"start":{"line":30,"column":33},"end":{"line":30,"column":65}},"type":"binary-expr","locations":[{"start":{"line":30,"column":33},"end":{"line":30,"column":60}},{"start":{"line":30,"column":64},"end":{"line":30,"column":65}}],"line":30},"2":{"loc":{"start":{"line":31,"column":16},"end":{"line":41,"column":17}},"type":"switch","locations":[{"start":{"line":32,"column":20},"end":{"line":34,"column":30}},{"start":{"line":35,"column":20},"end":{"line":37,"column":30}},{"start":{"line":38,"column":20},"end":{"line":40,"column":30}}],"line":31},"3":{"loc":{"start":{"line":46,"column":16},"end":{"line":48,"column":17}},"type":"if","locations":[{"start":{"line":46,"column":16},"end":{"line":48,"column":17}},{"start":{},"end":{}}],"line":46},"4":{"loc":{"start":{"line":64,"column":8},"end":{"line":66,"column":9}},"type":"if","locations":[{"start":{"line":64,"column":8},"end":{"line":66,"column":9}},{"start":{},"end":{}}],"line":64},"5":{"loc":{"start":{"line":74,"column":8},"end":{"line":79,"column":9}},"type":"if","locations":[{"start":{"line":74,"column":8},"end":{"line":79,"column":9}},{"start":{},"end":{}}],"line":74},"6":{"loc":{"start":{"line":76,"column":12},"end":{"line":78,"column":13}},"type":"if","locations":[{"start":{"line":76,"column":12},"end":{"line":78,"column":13}},{"start":{},"end":{}}],"line":76},"7":{"loc":{"start":{"line":85,"column":8},"end":{"line":88,"column":9}},"type":"if","locations":[{"start":{"line":85,"column":8},"end":{"line":88,"column":9}},{"start":{},"end":{}}],"line":85},"8":{"loc":{"start":{"line":85,"column":12},"end":{"line":85,"column":55}},"type":"binary-expr","locations":[{"start":{"line":85,"column":12},"end":{"line":85,"column":21}},{"start":{"line":85,"column":25},"end":{"line":85,"column":55}}],"line":85}},"s":{"0":0,"1":0,"2":0,"3":0,"4":0,"5":0,"6":0,"7":0,"8":0,"9":0,"10":0,"11":0,"12":0,"13":0,"14":0,"15":0,"16":0,"17":0,"18":0,"19":0,"20":0,"21":0,"22":0,"23":0,"24":0,"25":0,"26":0,"27":0,"28":0,"29":0,"30":0,"31":0,"32":0,"33":0,"34":0,"35":0,"36":0,"37":0,"38":0,"39":0,"40":0,"41":0,"42":0,"43":0,"44":0,"45":0,"46":0,"47":0,"48":0,"49":0,"50":0,"51":0,"52":0,"53":0},"f":{"0":0,"1":0,"2":0,"3":0,"4":0,"5":0,"6":0,"7":0,"8":0},"b":{"0":[0,0],"1":[0,0],"2":[0,0,0],"3":[0,0],"4":[0,0],"5":[0,0],"6":[0,0],"7":[0,0],"8":[0,0]}}
,"/home/runner/work/ReefKeeper/ReefKeeper/models/Creature.ts": {"path":"/home/runner/work/ReefKeeper/ReefKeeper/models/Creature.ts","statementMap":{"0":{"start":{"line":25,"column":66},"end":{"line":30,"column":1}},"1":{"start":{"line":32,"column":65},"end":{"line":37,"column":1}},"2":{"start":{"line":40,"column":14},"end":{"line":40,"column":38}},"3":{"start":{"line":41,"column":2},"end":{"line":52,"column":4}}},"fnMap":{"0":{"name":"createCreature","decl":{"start":{"line":39,"column":16},"end":{"line":39,"column":30}},"loc":{"start":{"line":39,"column":115},"end":{"line":53,"column":1}},"line":39}},"branchMap":{},"s":{"0":0,"1":0,"2":0,"3":0},"f":{"0":0},"b":{}}
,"/home/runner/work/ReefKeeper/ReefKeeper/models/Task.ts": {"path":"/home/runner/work/ReefKeeper/ReefKeeper/models/Task.ts","statementMap":{"0":{"start":{"line":27,"column":16},"end":{"line":27,"column":40}},"1":{"start":{"line":28,"column":4},"end":{"line":41,"column":6}},"2":{"start":{"line":45,"column":16},"end":{"line":45,"column":26}},"3":{"start":{"line":46,"column":16},"end":{"line":46,"column":42}},"4":{"start":{"line":49,"column":18},"end":{"line":49,"column":76}},"5":{"start":{"line":50,"column":20},"end":{"line":50,"column":78}},"6":{"start":{"line":52,"column":21},"end":{"line":52,"column":56}},"7":{"start":{"line":53,"column":21},"end":{"line":53,"column":64}},"8":{"start":{"line":55,"column":4},"end":{"line":55,"column":39}},"9":{"start":{"line":55,"column":22},"end":{"line":55,"column":39}},"10":{"start":{"line":56,"column":4},"end":{"line":56,"column":39}},"11":{"start":{"line":56,"column":24},"end":{"line":56,"column":39}},"12":{"start":{"line":57,"column":4},"end":{"line":57,"column":41}},"13":{"start":{"line":57,"column":23},"end":{"line":57,"column":41}},"14":{"start":{"line":58,"column":4},"end":{"line":58,"column":19}}},"fnMap":{"0":{"name":"createTask","decl":{"start":{"line":26,"column":16},"end":{"line":26,"column":26}},"loc":{"start":{"line":26,"column":112},"end":{"line":42,"column":1}},"line":26},"1":{"name":"getTaskUrgency","decl":{"start":{"line":44,"column":16},"end":{"line":44,"column":30}},"loc":{"start":{"line":44,"column":98},"end":{"line":59,"column":1}},"line":44}},"branchMap":{"0":{"loc":{"start":{"line":55,"column":4},"end":{"line":55,"column":39}},"type":"if","locations":[{"start":{"line":55,"column":4},"end":{"line":55,"column":39}},{"start":{},"end":{}}],"line":55},"1":{"loc":{"start":{"line":56,"column":4},"end":{"line":56,"column":39}},"type":"if","locations":[{"start":{"line":56,"column":4},"end":{"line":56,"column":39}},{"start":{},"end":{}}],"line":56},"2":{"loc":{"start":{"line":57,"column":4},"end":{"line":57,"column":41}},"type":"if","locations":[{"start":{"line":57,"column":4},"end":{"line":57,"column":41}},{"start":{},"end":{}}],"line":57}},"s":{"0":0,"1":0,"2":0,"3":0,"4":0,"5":0,"6":0,"7":0,"8":0,"9":0,"10":0,"11":0,"12":0,"13":0,"14":0},"f":{"0":0,"1":0},"b":{"0":[0,0],"1":[0,0],"2":[0,0]}}
,"/home/runner/work/ReefKeeper/ReefKeeper/services/creatureService.ts": {"path":"/home/runner/work/ReefKeeper/ReefKeeper/services/creatureService.ts","statementMap":{"0":{"start":{"line":5,"column":20},"end":{"line":5,"column":44}},"1":{"start":{"line":6,"column":24},"end":{"line":6,"column":60}},"2":{"start":{"line":9,"column":16},"end":{"line":9,"column":59}},"3":{"start":{"line":10,"column":4},"end":{"line":10,"column":26}},"4":{"start":{"line":14,"column":4},"end":{"line":14,"column":56}},"5":{"start":{"line":18,"column":17},"end":{"line":18,"column":56}},"6":{"start":{"line":19,"column":4},"end":{"line":19,"column":25}},"7":{"start":{"line":19,"column":15},"end":{"line":19,"column":25}},"8":{"start":{"line":20,"column":4},"end":{"line":20,"column":42}},"9":{"start":{"line":24,"column":4},"end":{"line":24,"column":71}},"10":{"start":{"line":28,"column":16},"end":{"line":28,"column":40}},"11":{"start":{"line":29,"column":34},"end":{"line":34,"column":5}},"12":{"start":{"line":35,"column":22},"end":{"line":35,"column":42}},"13":{"start":{"line":36,"column":4},"end":{"line":36,"column":32}},"14":{"start":{"line":37,"column":4},"end":{"line":37,"column":35}},"15":{"start":{"line":38,"column":4},"end":{"line":38,"column":23}},"16":{"start":{"line":42,"column":22},"end":{"line":42,"column":42}},"17":{"start":{"line":43,"column":18},"end":{"line":43,"column":57}},"18":{"start":{"line":43,"column":45},"end":{"line":43,"column":56}},"19":{"start":{"line":44,"column":4},"end":{"line":44,"column":34}},"20":{"start":{"line":44,"column":22},"end":{"line":44,"column":34}},"21":{"start":{"line":45,"column":4},"end":{"line":49,"column":6}},"22":{"start":{"line":50,"column":4},"end":{"line":50,"column":35}},"23":{"start":{"line":51,"column":4},"end":{"line":51,"column":28}},"24":{"start":{"line":55,"column":4},"end":{"line":55,"column":49}},"25":{"start":{"line":59,"column":22},"end":{"line":59,"column":42}},"26":{"start":{"line":60,"column":4},"end":{"line":60,"column":62}},"27":{"start":{"line":60,"column":48},"end":{"line":60,"column":59}}},"fnMap":{"0":{"name":"isInitialized","decl":{"start":{"line":8,"column":22},"end":{"line":8,"column":35}},"loc":{"start":{"line":8,"column":56},"end":{"line":11,"column":1}},"line":8},"1":{"name":"markInitialized","decl":{"start":{"line":13,"column":22},"end":{"line":13,"column":37}},"loc":{"start":{"line":13,"column":55},"end":{"line":15,"column":1}},"line":13},"2":{"name":"getCreatures","decl":{"start":{"line":17,"column":22},"end":{"line":17,"column":34}},"loc":{"start":{"line":17,"column":58},"end":{"line":21,"column":1}},"line":17},"3":{"name":"saveCreatures","decl":{"start":{"line":23,"column":22},"end":{"line":23,"column":35}},"loc":{"start":{"line":23,"column":74},"end":{"line":25,"column":1}},"line":23},"4":{"name":"addCreature","decl":{"start":{"line":27,"column":22},"end":{"line":27,"column":33}},"loc":{"start":{"line":27,"column":113},"end":{"line":39,"column":1}},"line":27},"5":{"name":"updateCreature","decl":{"start":{"line":41,"column":22},"end":{"line":41,"column":36}},"loc":{"start":{"line":41,"column":103},"end":{"line":52,"column":1}},"line":41},"6":{"name":"(anonymous_6)","decl":{"start":{"line":43,"column":38},"end":{"line":43,"column":39}},"loc":{"start":{"line":43,"column":45},"end":{"line":43,"column":56}},"line":43},"7":{"name":"archiveCreature","decl":{"start":{"line":54,"column":22},"end":{"line":54,"column":37}},"loc":{"start":{"line":54,"column":65},"end":{"line":56,"column":1}},"line":54},"8":{"name":"deleteCreature","decl":{"start":{"line":58,"column":22},"end":{"line":58,"column":36}},"loc":{"start":{"line":58,"column":64},"end":{"line":61,"column":1}},"line":58},"9":{"name":"(anonymous_9)","decl":{"start":{"line":60,"column":41},"end":{"line":60,"column":42}},"loc":{"start":{"line":60,"column":48},"end":{"line":60,"column":59}},"line":60}},"branchMap":{"0":{"loc":{"start":{"line":19,"column":4},"end":{"line":19,"column":25}},"type":"if","locations":[{"start":{"line":19,"column":4},"end":{"line":19,"column":25}},{"start":{},"end":{}}],"line":19},"1":{"loc":{"start":{"line":44,"column":4},"end":{"line":44,"column":34}},"type":"if","locations":[{"start":{"line":44,"column":4},"end":{"line":44,"column":34}},{"start":{},"end":{}}],"line":44}},"s":{"0":1,"1":1,"2":2,"3":2,"4":1,"5":15,"6":15,"7":1,"8":14,"9":13,"10":6,"11":6,"12":6,"13":6,"14":6,"15":6,"16":5,"17":5,"18":4,"19":5,"20":1,"21":4,"22":4,"23":4,"24":1,"25":2,"26":2,"27":3},"f":{"0":2,"1":1,"2":15,"3":13,"4":6,"5":5,"6":4,"7":1,"8":2,"9":3},"b":{"0":[1,14],"1":[1,4]},"_coverageSchema":"1a1c01bbd47fc00a2c39e90264f33305004495a9","hash":"98e0ccec6d590adc93067377565ed27f38b1d1e9"}
,"/home/runner/work/ReefKeeper/ReefKeeper/services/notificationService.ts": {"path":"/home/runner/work/ReefKeeper/ReefKeeper/services/notificationService.ts","statementMap":{"0":{"start":{"line":9,"column":4},"end":{"line":9,"column":44}},"1":{"start":{"line":9,"column":31},"end":{"line":9,"column":44}},"2":{"start":{"line":10,"column":39},"end":{"line":10,"column":80}},"3":{"start":{"line":11,"column":22},"end":{"line":11,"column":36}},"4":{"start":{"line":13,"column":4},"end":{"line":16,"column":5}},"5":{"start":{"line":14,"column":27},"end":{"line":14,"column":72}},"6":{"start":{"line":15,"column":8},"end":{"line":15,"column":29}},"7":{"start":{"line":18,"column":4},"end":{"line":20,"column":5}},"8":{"start":{"line":19,"column":8},"end":{"line":19,"column":21}},"9":{"start":{"line":23,"column":4},"end":{"line":31,"column":7}},"10":{"start":{"line":24,"column":41},"end":{"line":30,"column":9}},"11":{"start":{"line":33,"column":4},"end":{"line":33,"column":16}},"12":{"start":{"line":40,"column":4},"end":{"line":40,"column":43}},"13":{"start":{"line":40,"column":31},"end":{"line":40,"column":43}},"14":{"start":{"line":41,"column":4},"end":{"line":41,"column":48}},"15":{"start":{"line":41,"column":36},"end":{"line":41,"column":48}},"16":{"start":{"line":43,"column":20},"end":{"line":43,"column":46}},"17":{"start":{"line":44,"column":24},"end":{"line":44,"column":95}},"18":{"start":{"line":47,"column":4},"end":{"line":47,"column":57}},"19":{"start":{"line":47,"column":45},"end":{"line":47,"column":57}},"20":{"start":{"line":49,"column":23},"end":{"line":60,"column":6}},"21":{"start":{"line":62,"column":4},"end":{"line":62,"column":22}},"22":{"start":{"line":69,"column":4},"end":{"line":69,"column":38}},"23":{"start":{"line":69,"column":31},"end":{"line":69,"column":38}},"24":{"start":{"line":70,"column":22},"end":{"line":70,"column":77}},"25":{"start":{"line":71,"column":4},"end":{"line":75,"column":5}},"26":{"start":{"line":72,"column":8},"end":{"line":74,"column":9}},"27":{"start":{"line":73,"column":12},"end":{"line":73,"column":90}},"28":{"start":{"line":82,"column":4},"end":{"line":82,"column":38}},"29":{"start":{"line":82,"column":31},"end":{"line":82,"column":38}},"30":{"start":{"line":83,"column":4},"end":{"line":83,"column":63}}},"fnMap":{"0":{"name":"requestNotificationPermissions","decl":{"start":{"line":8,"column":22},"end":{"line":8,"column":52}},"loc":{"start":{"line":8,"column":73},"end":{"line":34,"column":1}},"line":8},"1":{"name":"(anonymous_1)","decl":{"start":{"line":24,"column":28},"end":{"line":24,"column":29}},"loc":{"start":{"line":24,"column":41},"end":{"line":30,"column":9}},"line":24},"2":{"name":"scheduleTaskNotification","decl":{"start":{"line":39,"column":22},"end":{"line":39,"column":46}},"loc":{"start":{"line":39,"column":94},"end":{"line":63,"column":1}},"line":39},"3":{"name":"cancelTaskNotifications","decl":{"start":{"line":68,"column":22},"end":{"line":68,"column":45}},"loc":{"start":{"line":68,"column":77},"end":{"line":76,"column":1}},"line":68},"4":{"name":"cancelAllNotifications","decl":{"start":{"line":81,"column":22},"end":{"line":81,"column":44}},"loc":{"start":{"line":81,"column":62},"end":{"line":84,"column":1}},"line":81}},"branchMap":{"0":{"loc":{"start":{"line":9,"column":4},"end":{"line":9,"column":44}},"type":"if","locations":[{"start":{"line":9,"column":4},"end":{"line":9,"column":44}},{"start":{},"end":{}}],"line":9},"1":{"loc":{"start":{"line":13,"column":4},"end":{"line":16,"column":5}},"type":"if","locations":[{"start":{"line":13,"column":4},"end":{"line":16,"column":5}},{"start":{},"end":{}}],"line":13},"2":{"loc":{"start":{"line":18,"column":4},"end":{"line":20,"column":5}},"type":"if","locations":[{"start":{"line":18,"column":4},"end":{"line":20,"column":5}},{"start":{},"end":{}}],"line":18},"3":{"loc":{"start":{"line":40,"column":4},"end":{"line":40,"column":43}},"type":"if","locations":[{"start":{"line":40,"column":4},"end":{"line":40,"column":43}},{"start":{},"end":{}}],"line":40},"4":{"loc":{"start":{"line":41,"column":4},"end":{"line":41,"column":48}},"type":"if","locations":[{"start":{"line":41,"column":4},"end":{"line":41,"column":48}},{"start":{},"end":{}}],"line":41},"5":{"loc":{"start":{"line":47,"column":4},"end":{"line":47,"column":57}},"type":"if","locations":[{"start":{"line":47,"column":4},"end":{"line":47,"column":57}},{"start":{},"end":{}}],"line":47},"6":{"loc":{"start":{"line":52,"column":44},"end":{"line":52,"column":96}},"type":"cond-expr","locations":[{"start":{"line":52,"column":77},"end":{"line":52,"column":87}},{"start":{"line":52,"column":90},"end":{"line":52,"column":96}}],"line":52},"7":{"loc":{"start":{"line":69,"column":4},"end":{"line":69,"column":38}},"type":"if","locations":[{"start":{"line":69,"column":4},"end":{"line":69,"column":38}},{"start":{},"end":{}}],"line":69},"8":{"loc":{"start":{"line":72,"column":8},"end":{"line":74,"column":9}},"type":"if","locations":[{"start":{"line":72,"column":8},"end":{"line":74,"column":9}},{"start":{},"end":{}}],"line":72},"9":{"loc":{"start":{"line":82,"column":4},"end":{"line":82,"column":38}},"type":"if","locations":[{"start":{"line":82,"column":4},"end":{"line":82,"column":38}},{"start":{},"end":{}}],"line":82}},"s":{"0":0,"1":0,"2":0,"3":0,"4":0,"5":0,"6":0,"7":0,"8":0,"9":0,"10":0,"11":0,"12":0,"13":0,"14":0,"15":0,"16":0,"17":0,"18":0,"19":0,"20":0,"21":0,"22":0,"23":0,"24":0,"25":0,"26":0,"27":0,"28":0,"29":0,"30":0},"f":{"0":0,"1":0,"2":0,"3":0,"4":0},"b":{"0":[0,0],"1":[0,0],"2":[0,0],"3":[0,0],"4":[0,0],"5":[0,0],"6":[0,0],"7":[0,0],"8":[0,0],"9":[0,0]}}
,"/home/runner/work/ReefKeeper/ReefKeeper/services/taskService.ts": {"path":"/home/runner/work/ReefKeeper/ReefKeeper/services/taskService.ts","statementMap":{"0":{"start":{"line":5,"column":20},"end":{"line":5,"column":40}},"1":{"start":{"line":6,"column":24},"end":{"line":6,"column":56}},"2":{"start":{"line":9,"column":17},"end":{"line":9,"column":56}},"3":{"start":{"line":10,"column":4},"end":{"line":10,"column":25}},"4":{"start":{"line":10,"column":15},"end":{"line":10,"column":25}},"5":{"start":{"line":11,"column":4},"end":{"line":11,"column":49}},"6":{"start":{"line":15,"column":4},"end":{"line":15,"column":67}},"7":{"start":{"line":21,"column":16},"end":{"line":21,"column":40}},"8":{"start":{"line":22,"column":37},"end":{"line":28,"column":5}},"9":{"start":{"line":29,"column":18},"end":{"line":29,"column":34}},"10":{"start":{"line":30,"column":4},"end":{"line":30,"column":24}},"11":{"start":{"line":31,"column":4},"end":{"line":31,"column":27}},"12":{"start":{"line":32,"column":4},"end":{"line":32,"column":19}},"13":{"start":{"line":36,"column":18},"end":{"line":36,"column":34}},"14":{"start":{"line":37,"column":18},"end":{"line":37,"column":53}},"15":{"start":{"line":37,"column":41},"end":{"line":37,"column":52}},"16":{"start":{"line":38,"column":4},"end":{"line":38,"column":34}},"17":{"start":{"line":38,"column":22},"end":{"line":38,"column":34}},"18":{"start":{"line":39,"column":4},"end":{"line":43,"column":6}},"19":{"start":{"line":44,"column":4},"end":{"line":44,"column":27}},"20":{"start":{"line":45,"column":4},"end":{"line":45,"column":24}},"21":{"start":{"line":49,"column":18},"end":{"line":49,"column":34}},"22":{"start":{"line":50,"column":18},"end":{"line":50,"column":53}},"23":{"start":{"line":50,"column":41},"end":{"line":50,"column":52}},"24":{"start":{"line":51,"column":4},"end":{"line":51,"column":34}},"25":{"start":{"line":51,"column":22},"end":{"line":51,"column":34}},"26":{"start":{"line":53,"column":17},"end":{"line":53,"column":29}},"27":{"start":{"line":56,"column":4},"end":{"line":61,"column":7}},"28":{"start":{"line":63,"column":4},"end":{"line":74,"column":5}},"29":{"start":{"line":65,"column":8},"end":{"line":69,"column":24}},"30":{"start":{"line":72,"column":8},"end":{"line":72,"column":32}},"31":{"start":{"line":73,"column":8},"end":{"line":73,"column":42}},"32":{"start":{"line":76,"column":4},"end":{"line":76,"column":46}},"33":{"start":{"line":77,"column":4},"end":{"line":77,"column":27}},"34":{"start":{"line":78,"column":4},"end":{"line":78,"column":16}},"35":{"start":{"line":82,"column":18},"end":{"line":82,"column":34}},"36":{"start":{"line":83,"column":4},"end":{"line":83,"column":54}},"37":{"start":{"line":83,"column":40},"end":{"line":83,"column":51}},"38":{"start":{"line":87,"column":18},"end":{"line":87,"column":61}},"39":{"start":{"line":88,"column":4},"end":{"line":88,"column":28}},"40":{"start":{"line":92,"column":4},"end":{"line":92,"column":56}},"41":{"start":{"line":96,"column":17},"end":{"line":96,"column":35}},"42":{"start":{"line":97,"column":4},"end":{"line":107,"column":5}},"43":{"start":{"line":99,"column":12},"end":{"line":99,"column":52}},"44":{"start":{"line":100,"column":12},"end":{"line":100,"column":18}},"45":{"start":{"line":102,"column":12},"end":{"line":102,"column":56}},"46":{"start":{"line":103,"column":12},"end":{"line":103,"column":18}},"47":{"start":{"line":105,"column":12},"end":{"line":105,"column":54}},"48":{"start":{"line":106,"column":12},"end":{"line":106,"column":18}},"49":{"start":{"line":108,"column":4},"end":{"line":108,"column":16}}},"fnMap":{"0":{"name":"getTasks","decl":{"start":{"line":8,"column":22},"end":{"line":8,"column":30}},"loc":{"start":{"line":8,"column":61},"end":{"line":12,"column":1}},"line":8},"1":{"name":"saveTasks","decl":{"start":{"line":14,"column":22},"end":{"line":14,"column":31}},"loc":{"start":{"line":14,"column":73},"end":{"line":16,"column":1}},"line":14},"2":{"name":"addTask","decl":{"start":{"line":18,"column":22},"end":{"line":18,"column":29}},"loc":{"start":{"line":20,"column":28},"end":{"line":33,"column":1}},"line":20},"3":{"name":"updateTask","decl":{"start":{"line":35,"column":22},"end":{"line":35,"column":32}},"loc":{"start":{"line":35,"column":113},"end":{"line":46,"column":1}},"line":35},"4":{"name":"(anonymous_4)","decl":{"start":{"line":37,"column":34},"end":{"line":37,"column":35}},"loc":{"start":{"line":37,"column":41},"end":{"line":37,"column":52}},"line":37},"5":{"name":"completeTask","decl":{"start":{"line":48,"column":22},"end":{"line":48,"column":34}},"loc":{"start":{"line":48,"column":96},"end":{"line":79,"column":1}},"line":48},"6":{"name":"(anonymous_6)","decl":{"start":{"line":50,"column":34},"end":{"line":50,"column":35}},"loc":{"start":{"line":50,"column":41},"end":{"line":50,"column":52}},"line":50},"7":{"name":"deleteTask","decl":{"start":{"line":81,"column":22},"end":{"line":81,"column":32}},"loc":{"start":{"line":81,"column":60},"end":{"line":84,"column":1}},"line":81},"8":{"name":"(anonymous_8)","decl":{"start":{"line":83,"column":33},"end":{"line":83,"column":34}},"loc":{"start":{"line":83,"column":40},"end":{"line":83,"column":51}},"line":83},"9":{"name":"isInitialized","decl":{"start":{"line":86,"column":22},"end":{"line":86,"column":35}},"loc":{"start":{"line":86,"column":56},"end":{"line":89,"column":1}},"line":86},"10":{"name":"markInitialized","decl":{"start":{"line":91,"column":22},"end":{"line":91,"column":37}},"loc":{"start":{"line":91,"column":55},"end":{"line":93,"column":1}},"line":91},"11":{"name":"calculateNextDueDate","decl":{"start":{"line":95,"column":9},"end":{"line":95,"column":29}},"loc":{"start":{"line":95,"column":92},"end":{"line":109,"column":1}},"line":95}},"branchMap":{"0":{"loc":{"start":{"line":10,"column":4},"end":{"line":10,"column":25}},"type":"if","locations":[{"start":{"line":10,"column":4},"end":{"line":10,"column":25}},{"start":{},"end":{}}],"line":10},"1":{"loc":{"start":{"line":38,"column":4},"end":{"line":38,"column":34}},"type":"if","locations":[{"start":{"line":38,"column":4},"end":{"line":38,"column":34}},{"start":{},"end":{}}],"line":38},"2":{"loc":{"start":{"line":51,"column":4},"end":{"line":51,"column":34}},"type":"if","locations":[{"start":{"line":51,"column":4},"end":{"line":51,"column":34}},{"start":{},"end":{}}],"line":51},"3":{"loc":{"start":{"line":63,"column":4},"end":{"line":74,"column":5}},"type":"if","locations":[{"start":{"line":63,"column":4},"end":{"line":74,"column":5}},{"start":{"line":70,"column":11},"end":{"line":74,"column":5}}],"line":63},"4":{"loc":{"start":{"line":63,"column":8},"end":{"line":63,"column":85}},"type":"binary-expr","locations":[{"start":{"line":63,"column":8},"end":{"line":63,"column":31}},{"start":{"line":63,"column":35},"end":{"line":63,"column":62}},{"start":{"line":63,"column":66},"end":{"line":63,"column":85}}],"line":63},"5":{"loc":{"start":{"line":97,"column":4},"end":{"line":107,"column":5}},"type":"switch","locations":[{"start":{"line":98,"column":8},"end":{"line":100,"column":18}},{"start":{"line":101,"column":8},"end":{"line":103,"column":18}},{"start":{"line":104,"column":8},"end":{"line":106,"column":18}}],"line":97}},"s":{"0":1,"1":1,"2":18,"3":18,"4":1,"5":17,"6":15,"7":5,"8":5,"9":5,"10":5,"11":5,"12":5,"13":2,"14":2,"15":1,"16":2,"17":1,"18":1,"19":1,"20":1,"21":7,"22":7,"23":6,"24":7,"25":1,"26":6,"27":6,"28":6,"29":5,"30":1,"31":1,"32":6,"33":6,"34":6,"35":2,"36":2,"37":3,"38":2,"39":2,"40":1,"41":5,"42":5,"43":3,"44":3,"45":1,"46":1,"47":1,"48":1,"49":5},"f":{"0":18,"1":15,"2":5,"3":2,"4":1,"5":7,"6":6,"7":2,"8":3,"9":2,"10":1,"11":5},"b":{"0":[1,17],"1":[1,1],"2":[1,6],"3":[5,1],"4":[6,5,5],"5":[3,1,1]},"_coverageSchema":"1a1c01bbd47fc00a2c39e90264f33305004495a9","hash":"9b6fe11dd7f8e6ecf0e0d21f4554d7f7e5f77654"}
}
