TN:
SF:hooks/useCreatures.ts
FN:6,useCreatures
FN:10,(anonymous_1)
FN:14,(anonymous_2)
FN:22,(anonymous_3)
FN:33,(anonymous_4)
FN:34,(anonymous_5)
FN:40,(anonymous_6)
FN:46,(anonymous_7)
FN:51,(anonymous_8)
FN:56,(anonymous_9)
FNF:10
FNH:0
FNDA:0,useCreatures
FNDA:0,(anonymous_1)
FNDA:0,(anonymous_2)
FNDA:0,(anonymous_3)
FNDA:0,(anonymous_4)
FNDA:0,(anonymous_5)
FNDA:0,(anonymous_6)
FNDA:0,(anonymous_7)
FNDA:0,(anonymous_8)
FNDA:0,(anonymous_9)
DA:7,0
DA:8,0
DA:10,0
DA:11,0
DA:12,0
DA:13,0
DA:14,0
DA:16,0
DA:18,0
DA:22,0
DA:23,0
DA:24,0
DA:25,0
DA:26,0
DA:27,0
DA:29,0
DA:33,0
DA:34,0
DA:35,0
DA:36,0
DA:40,0
DA:41,0
DA:42,0
DA:43,0
DA:46,0
DA:47,0
DA:48,0
DA:51,0
DA:52,0
DA:53,0
DA:56,0
DA:57,0
DA:58,0
DA:61,0
LF:34
LH:0
BRDA:24,0,0,0
BRDA:24,0,1,0
BRF:2
BRH:0
end_of_record
TN:
SF:hooks/useNotifications.ts
FN:6,useNotifications
FN:9,(anonymous_1)
FN:16,(anonymous_2)
FN:20,(anonymous_3)
FN:27,(anonymous_4)
FNF:5
FNH:0
FNDA:0,useNotifications
FNDA:0,(anonymous_1)
FNDA:0,(anonymous_2)
FNDA:0,(anonymous_3)
FNDA:0,(anonymous_4)
DA:7,0
DA:9,0
DA:11,0
DA:13,0
DA:16,0
DA:17,0
DA:20,0
DA:21,0
DA:22,0
DA:23,0
DA:27,0
DA:28,0
DA:29,0
DA:33,0
LF:14
LH:0
BRDA:13,0,0,0
BRDA:13,0,1,0
BRDA:22,1,0,0
BRDA:22,1,1,0
BRF:4
BRH:0
end_of_record
TN:
SF:hooks/useTasks.ts
FN:7,useTasks
FN:11,(anonymous_1)
FN:23,(anonymous_2)
FN:54,(anonymous_3)
FN:55,(anonymous_4)
FN:61,(anonymous_5)
FN:71,(anonymous_6)
FN:83,(anonymous_7)
FN:92,(anonymous_8)
FNF:9
FNH:0
FNDA:0,useTasks
FNDA:0,(anonymous_1)
FNDA:0,(anonymous_2)
FNDA:0,(anonymous_3)
FNDA:0,(anonymous_4)
FNDA:0,(anonymous_5)
FNDA:0,(anonymous_6)
FNDA:0,(anonymous_7)
FNDA:0,(anonymous_8)
DA:8,0
DA:9,0
DA:11,0
DA:12,0
DA:13,0
DA:14,0
DA:15,0
DA:17,0
DA:19,0
DA:23,0
DA:24,0
DA:25,0
DA:26,0
DA:27,0
DA:29,0
DA:30,0
DA:31,0
DA:33,0
DA:34,0
DA:36,0
DA:37,0
DA:39,0
DA:40,0
DA:42,0
DA:46,0
DA:47,0
DA:50,0
DA:54,0
DA:55,0
DA:56,0
DA:57,0
DA:61,0
DA:62,0
DA:64,0
DA:65,0
DA:67,0
DA:68,0
DA:71,0
DA:72,0
DA:74,0
DA:75,0
DA:76,0
DA:77,0
DA:80,0
DA:83,0
DA:84,0
DA:85,0
DA:87,0
DA:89,0
DA:92,0
DA:94,0
DA:95,0
DA:96,0
DA:99,0
LF:54
LH:0
BRDA:25,0,0,0
BRDA:25,0,1,0
BRDA:30,1,0,0
BRDA:30,1,1,0
BRDA:31,2,0,0
BRDA:31,2,1,0
BRDA:31,2,2,0
BRDA:46,3,0,0
BRDA:46,3,1,0
BRDA:64,4,0,0
BRDA:64,4,1,0
BRDA:74,5,0,0
BRDA:74,5,1,0
BRDA:76,6,0,0
BRDA:76,6,1,0
BRDA:85,7,0,0
BRDA:85,7,1,0
BRDA:85,8,0,0
BRDA:85,8,1,0
BRF:19
BRH:0
end_of_record
TN:
SF:models/Creature.ts
FN:39,createCreature
FNF:1
FNH:0
FNDA:0,createCreature
DA:25,0
DA:32,0
DA:40,0
DA:41,0
LF:4
LH:0
BRF:0
BRH:0
end_of_record
TN:
SF:models/Task.ts
FN:26,createTask
FN:44,getTaskUrgency
FNF:2
FNH:0
FNDA:0,createTask
FNDA:0,getTaskUrgency
DA:27,0
DA:28,0
DA:45,0
DA:46,0
DA:49,0
DA:50,0
DA:52,0
DA:53,0
DA:55,0
DA:56,0
DA:57,0
DA:58,0
LF:12
LH:0
BRDA:55,0,0,0
BRDA:55,0,1,0
BRDA:56,1,0,0
BRDA:56,1,1,0
BRDA:57,2,0,0
BRDA:57,2,1,0
BRF:6
BRH:0
end_of_record
TN:
SF:services/creatureService.ts
FN:8,isInitialized
FN:13,markInitialized
FN:17,getCreatures
FN:23,saveCreatures
FN:27,addCreature
FN:41,updateCreature
FN:43,(anonymous_6)
FN:54,archiveCreature
FN:58,deleteCreature
FN:60,(anonymous_9)
FNF:10
FNH:10
FNDA:2,isInitialized
FNDA:1,markInitialized
FNDA:15,getCreatures
FNDA:13,saveCreatures
FNDA:6,addCreature
FNDA:5,updateCreature
FNDA:4,(anonymous_6)
FNDA:1,archiveCreature
FNDA:2,deleteCreature
FNDA:3,(anonymous_9)
DA:5,1
DA:6,1
DA:9,2
DA:10,2
DA:14,1
DA:18,15
DA:19,15
DA:20,14
DA:24,13
DA:28,6
DA:29,6
DA:35,6
DA:36,6
DA:37,6
DA:38,6
DA:42,5
DA:43,5
DA:44,5
DA:45,4
DA:50,4
DA:51,4
DA:55,1
DA:59,2
DA:60,3
LF:24
LH:24
BRDA:19,0,0,1
BRDA:19,0,1,14
BRDA:44,1,0,1
BRDA:44,1,1,4
BRF:4
BRH:4
end_of_record
TN:
SF:services/notificationService.ts
FN:8,requestNotificationPermissions
FN:24,(anonymous_1)
FN:39,scheduleTaskNotification
FN:68,cancelTaskNotifications
FN:81,cancelAllNotifications
FNF:5
FNH:0
FNDA:0,requestNotificationPermissions
FNDA:0,(anonymous_1)
FNDA:0,scheduleTaskNotification
FNDA:0,cancelTaskNotifications
FNDA:0,cancelAllNotifications
DA:9,0
DA:10,0
DA:11,0
DA:13,0
DA:14,0
DA:15,0
DA:18,0
DA:19,0
DA:23,0
DA:24,0
DA:33,0
DA:40,0
DA:41,0
DA:43,0
DA:44,0
DA:47,0
DA:49,0
DA:62,0
DA:69,0
DA:70,0
DA:71,0
DA:72,0
DA:73,0
DA:82,0
DA:83,0
LF:25
LH:0
BRDA:9,0,0,0
BRDA:9,0,1,0
BRDA:13,1,0,0
BRDA:13,1,1,0
BRDA:18,2,0,0
BRDA:18,2,1,0
BRDA:40,3,0,0
BRDA:40,3,1,0
BRDA:41,4,0,0
BRDA:41,4,1,0
BRDA:47,5,0,0
BRDA:47,5,1,0
BRDA:52,6,0,0
BRDA:52,6,1,0
BRDA:69,7,0,0
BRDA:69,7,1,0
BRDA:72,8,0,0
BRDA:72,8,1,0
BRDA:82,9,0,0
BRDA:82,9,1,0
BRF:20
BRH:0
end_of_record
TN:
SF:services/taskService.ts
FN:8,getTasks
FN:14,saveTasks
FN:18,addTask
FN:35,updateTask
FN:37,(anonymous_4)
FN:48,completeTask
FN:50,(anonymous_6)
FN:81,deleteTask
FN:83,(anonymous_8)
FN:86,isInitialized
FN:91,markInitialized
FN:95,calculateNextDueDate
FNF:12
FNH:12
FNDA:18,getTasks
FNDA:15,saveTasks
FNDA:5,addTask
FNDA:2,updateTask
FNDA:1,(anonymous_4)
FNDA:7,completeTask
FNDA:6,(anonymous_6)
FNDA:2,deleteTask
FNDA:3,(anonymous_8)
FNDA:2,isInitialized
FNDA:1,markInitialized
FNDA:5,calculateNextDueDate
DA:5,1
DA:6,1
DA:9,18
DA:10,18
DA:11,17
DA:15,15
DA:21,5
DA:22,5
DA:29,5
DA:30,5
DA:31,5
DA:32,5
DA:36,2
DA:37,2
DA:38,2
DA:39,1
DA:44,1
DA:45,1
DA:49,7
DA:50,7
DA:51,7
DA:53,6
DA:56,6
DA:63,6
DA:65,5
DA:72,1
DA:73,1
DA:76,6
DA:77,6
DA:78,6
DA:82,2
DA:83,3
DA:87,2
DA:88,2
DA:92,1
DA:96,5
DA:97,5
DA:99,3
DA:100,3
DA:102,1
DA:103,1
DA:105,1
DA:106,1
DA:108,5
LF:44
LH:44
BRDA:10,0,0,1
BRDA:10,0,1,17
BRDA:38,1,0,1
BRDA:38,1,1,1
BRDA:51,2,0,1
BRDA:51,2,1,6
BRDA:63,3,0,5
BRDA:63,3,1,1
BRDA:63,4,0,6
BRDA:63,4,1,5
BRDA:63,4,2,5
BRDA:97,5,0,3
BRDA:97,5,1,1
BRDA:97,5,2,1
BRF:14
BRH:14
end_of_record
