TN:
SF:services/taskService.ts
FN:8,getTasks
FN:14,saveTasks
FN:18,addTask
FN:35,updateTask
FN:37,(anonymous_4)
FN:48,completeTask
FN:50,(anonymous_6)
FN:81,deleteTask
FN:83,(anonymous_8)
FN:86,isInitialized
FN:91,markInitialized
FN:95,calculateNextDueDate
FNF:12
FNH:8
FNDA:4,getTasks
FNDA:4,saveTasks
FNDA:1,addTask
FNDA:0,updateTask
FNDA:0,(anonymous_4)
FNDA:2,completeTask
FNDA:2,(anonymous_6)
FNDA:1,deleteTask
FNDA:2,(anonymous_8)
FNDA:0,isInitialized
FNDA:0,markInitialized
FNDA:1,calculateNextDueDate
DA:5,1
DA:6,1
DA:9,4
DA:10,4
DA:11,4
DA:15,4
DA:21,1
DA:22,1
DA:29,1
DA:30,1
DA:31,1
DA:32,1
DA:36,0
DA:37,0
DA:38,0
DA:39,0
DA:44,0
DA:45,0
DA:49,2
DA:50,2
DA:51,2
DA:53,2
DA:56,2
DA:63,2
DA:65,1
DA:72,1
DA:73,1
DA:76,2
DA:77,2
DA:78,2
DA:82,1
DA:83,2
DA:87,0
DA:88,0
DA:92,0
DA:96,1
DA:97,1
DA:99,1
DA:100,1
DA:102,0
DA:103,0
DA:105,0
DA:106,0
DA:108,1
LF:44
LH:31
BRDA:10,0,0,0
BRDA:10,0,1,4
BRDA:38,1,0,0
BRDA:38,1,1,0
BRDA:51,2,0,0
BRDA:51,2,1,2
BRDA:63,3,0,1
BRDA:63,3,1,1
BRDA:63,4,0,2
BRDA:63,4,1,1
BRDA:63,4,2,1
BRDA:97,5,0,1
BRDA:97,5,1,0
BRDA:97,5,2,0
BRF:14
BRH:8
end_of_record
